<?xml version="1.0" encoding="UTF-8"?>
<!-- Generated by org.testng.reporters.JUnitReportReporter -->
<testsuite hostname="DESKTOP-51KJICT" failures="0" tests="1" name="com.FabIndiaStore.testcases.TC_RegisterUsers" time="9.288" errors="0" timestamp="2024-05-01T20:24:36 IST" skipped="0">
  <testcase classname="com.FabIndiaStore.testcases.TC_RegisterUsers" name="registerUsers" time="9.288"/>
</testsuite> <!-- com.FabIndiaStore.testcases.TC_RegisterUsers -->
