<?xml version="1.0" encoding="UTF-8"?>
<!-- Generated by org.testng.reporters.JUnitReportReporter -->
<testsuite hostname="DESKTOP-51KJICT" failures="0" tests="1" name="com.FabIndiaStore.testcases.TC_SearchFunctionality" time="0.385" errors="0" timestamp="2024-05-14T14:46:46 IST" skipped="0">
  <testcase classname="com.FabIndiaStore.testcases.TC_SearchFunctionality" name="SearchProductByName" time="0.385"/>
</testsuite> <!-- com.FabIndiaStore.testcases.TC_SearchFunctionality -->
