<?xml version="1.0" encoding="UTF-8"?>
<!-- Generated by org.testng.reporters.JUnitReportReporter -->
<testsuite hostname="DESKTOP-51KJICT" failures="0" tests="1" name="com.FabIndiaStore.testcases.TC_ChangePassword" time="16.054" errors="0" timestamp="2024-05-15T18:48:59 IST" skipped="0">
  <testcase classname="com.FabIndiaStore.testcases.TC_ChangePassword" name="resetPass" time="16.054"/>
</testsuite> <!-- com.FabIndiaStore.testcases.TC_ChangePassword -->
