<?xml version="1.0" encoding="UTF-8"?>
<!-- Generated by org.testng.reporters.JUnitReportReporter -->
<testsuite hostname="DESKTOP-51KJICT" failures="0" tests="1" name="com.FabIndiaStore.testcases.TC_LogOut" time="7.971" errors="0" timestamp="2024-05-14T11:36:27 IST" skipped="0">
  <testcase classname="com.FabIndiaStore.testcases.TC_LogOut" name="LogOut" time="7.971"/>
</testsuite> <!-- com.FabIndiaStore.testcases.TC_LogOut -->
