<?xml version="1.0" encoding="UTF-8"?>
<!-- Generated by org.testng.reporters.JUnitReportReporter -->
<testsuite hostname="DESKTOP-51KJICT" failures="0" tests="1" name="com.FabIndiaStore.testcases.TC_validateAllTabsInHomePage" time="14.628" errors="0" timestamp="2024-05-04T16:38:39 IST" skipped="0">
  <testcase classname="com.FabIndiaStore.testcases.TC_validateAllTabsInHomePage" name="validateAllProductTab" time="14.628"/>
</testsuite> <!-- com.FabIndiaStore.testcases.TC_validateAllTabsInHomePage -->
