<?xml version="1.0" encoding="UTF-8"?>
<!-- Generated by org.testng.reporters.JUnitReportReporter -->
<testsuite hostname="DESKTOP-51KJICT" failures="0" tests="1" name="com.FabIndiaStore.testcases.TC_LogIn" time="5.595" errors="0" timestamp="2024-05-14T11:35:56 IST" skipped="0">
  <testcase classname="com.FabIndiaStore.testcases.TC_LogIn" name="login" time="5.595"/>
</testsuite> <!-- com.FabIndiaStore.testcases.TC_LogIn -->
